<?xml version="1.0" encoding="UTF-8"?>
<coverage generated="1609874531837" clover="3.2.0">
  <project timestamp="1609874531837" name="All files">
    <metrics statements="10" coveredstatements="9" conditionals="0" coveredconditionals="0" methods="2" coveredmethods="2" elements="12" coveredelements="11" complexity="0" loc="10" ncloc="10" packages="1" files="1" classes="1"/>
    <file name="metrics.ts" path="/codebuild/output/src977812582/src/source/utils/metrics.ts">
      <metrics statements="10" coveredstatements="9" conditionals="0" coveredconditionals="0" methods="2" coveredmethods="2"/>
      <line num="8" count="1" type="stmt"/>
      <line num="9" count="1" type="stmt"/>
      <line num="25" count="1" type="stmt"/>
      <line num="33" count="1" type="stmt"/>
      <line num="41" count="1" type="stmt"/>
      <line num="42" count="1" type="stmt"/>
      <line num="43" count="1" type="stmt"/>
      <line num="53" count="1" type="stmt"/>
      <line num="54" count="1" type="stmt"/>
      <line num="57" count="0" type="stmt"/>
    </file>
  </project>
</coverage>
