{"/codebuild/output/src977812582/src/source/utils/metrics.ts": {"path":"/codebuild/output/src977812582/src/source/utils/metrics.ts","statementMap":{"0":{"start":{"line":8,"column":14},"end":{"line":8,"column":30}},"1":{"start":{"line":9,"column":0},"end":{"line":9,"column":33}},"2":{"start":{"line":33,"column":8},"end":{"line":33,"column":74}},"3":{"start":{"line":41,"column":8},"end":{"line":58,"column":null}},"4":{"start":{"line":42,"column":34},"end":{"line":42,"column":128}},"5":{"start":{"line":43,"column":27},"end":{"line":51,"column":14}},"6":{"start":{"line":53,"column":12},"end":{"line":53,"column":86}},"7":{"start":{"line":54,"column":12},"end":{"line":54,"column":32}},"8":{"start":{"line":57,"column":12},"end":{"line":57,"column":91}},"9":{"start":{"line":25,"column":0},"end":{"line":25,"column":13}}},"fnMap":{"0":{"name":"(anonymous_7)","decl":{"start":{"line":32,"column":4},"end":{"line":32,"column":null}},"loc":{"start":{"line":32,"column":4},"end":{"line":34,"column":5}}},"1":{"name":"(anonymous_8)","decl":{"start":{"line":40,"column":10},"end":{"line":40,"column":29}},"loc":{"start":{"line":40,"column":74},"end":{"line":59,"column":null}}}},"branchMap":{},"s":{"0":1,"1":1,"2":1,"3":1,"4":1,"5":1,"6":1,"7":1,"8":0,"9":1},"f":{"0":1,"1":1},"b":{}}
}
